<?xml version="1.0" encoding="UTF-8"?>
<testng-results ignored="0" total="1" passed="1" failed="0" skipped="0">
  <reporter-output>
  </reporter-output>
  <suite started-at="2020-12-08T08:13:05Z" name="OneProject" finished-at="2020-12-08T08:13:43Z" duration-ms="37803">
    <groups>
    </groups>
    <test started-at="2020-12-08T08:13:05Z" name="BankingApp test" finished-at="2020-12-08T08:13:43Z" duration-ms="37803">
      <class name="com.inetbanking.testCases.run1">
        <test-method is-config="true" signature="setup(java.lang.String)[pri:0, instance:com.inetbanking.testCases.run1@57175e74]" started-at="2020-12-08T08:13:05Z" name="setup" finished-at="2020-12-08T08:13:22Z" duration-ms="16754" status="PASS">
          <params>
            <param index="0">
              <value>
                <![CDATA[chrome]]>
              </value>
            </param>
          </params>
          <reporter-output>
          </reporter-output>
        </test-method> <!-- setup -->
        <test-method signature="test1()[pri:0, instance:com.inetbanking.testCases.run1@57175e74]" started-at="2020-12-08T08:13:22Z" name="test1" finished-at="2020-12-08T08:13:42Z" duration-ms="20152" status="PASS">
          <reporter-output>
          </reporter-output>
        </test-method> <!-- test1 -->
        <test-method is-config="true" signature="teardown()[pri:0, instance:com.inetbanking.testCases.run1@57175e74]" started-at="2020-12-08T08:13:42Z" name="teardown" finished-at="2020-12-08T08:13:43Z" duration-ms="734" status="PASS">
          <reporter-output>
          </reporter-output>
        </test-method> <!-- teardown -->
      </class> <!-- com.inetbanking.testCases.run1 -->
    </test> <!-- BankingApp test -->
  </suite> <!-- OneProject -->
</testng-results>
